<?xml version="1.0" encoding="UTF-8"?>
<testng-results ignored="0" total="5" passed="4" failed="1" skipped="0">
  <reporter-output>
  </reporter-output>
  <suite started-at="2021-03-09T18:40:12 IST" name="Suite" finished-at="2021-03-09T18:40:31 IST" duration-ms="19318">
    <groups>
    </groups>
    <test started-at="2021-03-09T18:40:12 IST" name="AppTest" finished-at="2021-03-09T18:40:12 IST" duration-ms="13">
    </test> <!-- AppTest -->
    <test started-at="2021-03-09T18:40:12 IST" name="ValidateHomeButton" finished-at="2021-03-09T18:40:23 IST" duration-ms="11572">
      <class name="Academy.ValidateHomeButton">
        <test-method is-config="true" signature="initialize()[pri:0, instance:Academy.ValidateHomeButton@10027fc9]" started-at="2021-03-09T18:40:12 IST" name="initialize" finished-at="2021-03-09T18:40:22 IST" duration-ms="10487" status="PASS">
          <reporter-output>
          </reporter-output>
        </test-method> <!-- initialize -->
        <test-method signature="validateHome()[pri:0, instance:Academy.ValidateHomeButton@10027fc9]" started-at="2021-03-09T18:40:22 IST" name="validateHome" finished-at="2021-03-09T18:40:23 IST" duration-ms="659" status="PASS">
          <reporter-output>
          </reporter-output>
        </test-method> <!-- validateHome -->
        <test-method is-config="true" signature="tearDown()[pri:0, instance:Academy.ValidateHomeButton@10027fc9]" started-at="2021-03-09T18:40:23 IST" name="tearDown" finished-at="2021-03-09T18:40:23 IST" duration-ms="390" status="PASS">
          <reporter-output>
          </reporter-output>
        </test-method> <!-- tearDown -->
      </class> <!-- Academy.ValidateHomeButton -->
    </test> <!-- ValidateHomeButton -->
    <test started-at="2021-03-09T18:40:12 IST" name="ValidateTitle" finished-at="2021-03-09T18:40:26 IST" duration-ms="14410">
      <class name="Academy.ValidateTitle">
        <test-method is-config="true" signature="initialize()[pri:0, instance:Academy.ValidateTitle@42a9a63e]" started-at="2021-03-09T18:40:12 IST" name="initialize" finished-at="2021-03-09T18:40:24 IST" duration-ms="11899" status="PASS">
          <reporter-output>
          </reporter-output>
        </test-method> <!-- initialize -->
        <test-method signature="getHeader()[pri:0, instance:Academy.ValidateTitle@42a9a63e]" started-at="2021-03-09T18:40:24 IST" name="getHeader" finished-at="2021-03-09T18:40:24 IST" duration-ms="476" status="PASS">
          <reporter-output>
          </reporter-output>
        </test-method> <!-- getHeader -->
        <test-method signature="getTitle()[pri:0, instance:Academy.ValidateTitle@42a9a63e]" started-at="2021-03-09T18:40:24 IST" name="getTitle" finished-at="2021-03-09T18:40:24 IST" duration-ms="168" status="FAIL">
          <exception class="java.lang.AssertionError">
            <message>
              <![CDATA[expected [FEATURED COURSES..] but found [FEATURED COURSES]]]>
            </message>
            <full-stacktrace>
              <![CDATA[java.lang.AssertionError: expected [FEATURED COURSES..] but found [FEATURED COURSES]
at org.testng.Assert.fail(Assert.java:99)
at org.testng.Assert.failNotEquals(Assert.java:1037)
at org.testng.Assert.assertEqualsImpl(Assert.java:140)
at org.testng.Assert.assertEquals(Assert.java:122)
at org.testng.Assert.assertEquals(Assert.java:629)
at org.testng.Assert.assertEquals(Assert.java:639)
at Academy.ValidateTitle.getTitle(ValidateTitle.java:36)
at java.base/jdk.internal.reflect.NativeMethodAccessorImpl.invoke0(Native Method)
at java.base/jdk.internal.reflect.NativeMethodAccessorImpl.invoke(NativeMethodAccessorImpl.java:62)
at java.base/jdk.internal.reflect.DelegatingMethodAccessorImpl.invoke(DelegatingMethodAccessorImpl.java:43)
at java.base/java.lang.reflect.Method.invoke(Method.java:566)
at org.testng.internal.MethodInvocationHelper.invokeMethod(MethodInvocationHelper.java:132)
at org.testng.internal.TestInvoker.invokeMethod(TestInvoker.java:599)
at org.testng.internal.TestInvoker.invokeTestMethod(TestInvoker.java:174)
at org.testng.internal.MethodRunner.runInSequence(MethodRunner.java:46)
at org.testng.internal.TestInvoker$MethodInvocationAgent.invoke(TestInvoker.java:822)
at org.testng.internal.TestInvoker.invokeTestMethods(TestInvoker.java:147)
at org.testng.internal.TestMethodWorker.invokeTestMethods(TestMethodWorker.java:146)
at org.testng.internal.TestMethodWorker.run(TestMethodWorker.java:128)
at java.base/java.util.ArrayList.forEach(ArrayList.java:1541)
at org.testng.TestRunner.privateRun(TestRunner.java:764)
at org.testng.TestRunner.run(TestRunner.java:585)
at org.testng.SuiteRunner.runTest(SuiteRunner.java:384)
at org.testng.SuiteRunner.access$000(SuiteRunner.java:28)
at org.testng.SuiteRunner$SuiteWorker.run(SuiteRunner.java:425)
at org.testng.internal.thread.ThreadUtil.lambda$execute$0(ThreadUtil.java:66)
at java.base/java.util.concurrent.FutureTask.run(FutureTask.java:264)
at java.base/java.util.concurrent.ThreadPoolExecutor.runWorker(ThreadPoolExecutor.java:1128)
at java.base/java.util.concurrent.ThreadPoolExecutor$Worker.run(ThreadPoolExecutor.java:628)
at java.base/java.lang.Thread.run(Thread.java:834)
]]>
            </full-stacktrace>
          </exception> <!-- java.lang.AssertionError -->
          <reporter-output>
          </reporter-output>
        </test-method> <!-- getTitle -->
        <test-method is-config="true" signature="tearDown()[pri:0, instance:Academy.ValidateTitle@42a9a63e]" started-at="2021-03-09T18:40:26 IST" name="tearDown" finished-at="2021-03-09T18:40:26 IST" duration-ms="106" status="PASS">
          <reporter-output>
          </reporter-output>
        </test-method> <!-- tearDown -->
      </class> <!-- Academy.ValidateTitle -->
    </test> <!-- ValidateTitle -->
    <test started-at="2021-03-09T18:40:12 IST" name="HomePageNavigation" finished-at="2021-03-09T18:40:31 IST" duration-ms="19318">
      <class name="Academy.HomePageNavigation">
        <test-method is-config="true" signature="initialize()[pri:0, instance:Academy.HomePageNavigation@344344fa]" started-at="2021-03-09T18:40:12 IST" name="initialize" finished-at="2021-03-09T18:40:16 IST" duration-ms="4425" status="PASS">
          <reporter-output>
          </reporter-output>
        </test-method> <!-- initialize -->
        <test-method signature="basePageNavigation(java.lang.String, java.lang.String)[pri:0, instance:Academy.HomePageNavigation@344344fa]" started-at="2021-03-09T18:40:16 IST" name="basePageNavigation" data-provider="getData" finished-at="2021-03-09T18:40:27 IST" duration-ms="10974" status="PASS">
          <params>
            <param index="0">
              <value>
                <![CDATA[mailtosusmith@gmail.com]]>
              </value>
            </param>
            <param index="1">
              <value>
                <![CDATA[chuchu123]]>
              </value>
            </param>
          </params>
          <reporter-output>
          </reporter-output>
        </test-method> <!-- basePageNavigation -->
        <test-method signature="basePageNavigation(java.lang.String, java.lang.String)[pri:0, instance:Academy.HomePageNavigation@344344fa]" started-at="2021-03-09T18:40:27 IST" name="basePageNavigation" data-provider="getData" finished-at="2021-03-09T18:40:31 IST" duration-ms="3742" status="PASS">
          <params>
            <param index="0">
              <value>
                <![CDATA[mailtoprasad@gmail.com]]>
              </value>
            </param>
            <param index="1">
              <value>
                <![CDATA[prasad123]]>
              </value>
            </param>
          </params>
          <reporter-output>
          </reporter-output>
        </test-method> <!-- basePageNavigation -->
        <test-method is-config="true" signature="tearDown()[pri:0, instance:Academy.HomePageNavigation@344344fa]" started-at="2021-03-09T18:40:31 IST" name="tearDown" finished-at="2021-03-09T18:40:31 IST" duration-ms="117" status="PASS">
          <reporter-output>
          </reporter-output>
        </test-method> <!-- tearDown -->
      </class> <!-- Academy.HomePageNavigation -->
    </test> <!-- HomePageNavigation -->
  </suite> <!-- Suite -->
</testng-results>
